<?xml version="1.0" encoding="UTF-8"?>
<testsuite xmlns:xsi="http://www.w3.org/2001/XMLSchema-instance" xsi:noNamespaceSchemaLocation="https://maven.apache.org/surefire/maven-surefire-plugin/xsd/surefire-test-report.xsd" name="com.app.AppTest" time="0.249" tests="1" errors="0" skipped="0" failures="0">
  <properties>
    <property name="sun.desktop" value="windows"/>
    <property name="awt.toolkit" value="sun.awt.windows.WToolkit"/>
    <property name="java.specification.version" value="11"/>
    <property name="file.encoding.pkg" value="sun.io"/>
    <property name="jdk.extensions.version" value="11.0.15.0"/>
    <property name="sun.jnu.encoding" value="Cp1252"/>
    <property name="java.class.path" value="f:\Facultad\Proyecto de Desarrollo\Actividad N°1\servicio\target\test-classes;f:\Facultad\Proyecto de Desarrollo\Actividad N°1\servicio\target\classes;C:\Users\Gino\.m2\repository\junit\junit\4.11\junit-4.11.jar;C:\Users\Gino\.m2\repository\org\hamcrest\hamcrest-core\1.3\hamcrest-core-1.3.jar;C:\Users\Gino\.m2\repository\com\app\modelo\1.0-SNAPSHOT\modelo-1.0-SNAPSHOT.jar;"/>
    <property name="java.vm.vendor" value="Eclipse OpenJ9"/>
    <property name="sun.arch.data.model" value="64"/>
    <property name="com.ibm.vm.bitmode" value="64"/>
    <property name="user.variant" value=""/>
    <property name="com.ibm.oti.vm.library.version" value="29"/>
    <property name="java.vendor.url" value="https://www.ibm.com/semeru-runtimes"/>
    <property name="user.timezone" value="America/Buenos_Aires"/>
    <property name="java.vm.specification.version" value="11"/>
    <property name="os.name" value="Windows 10"/>
    <property name="sun.java.launcher" value="SUN_STANDARD"/>
    <property name="user.country" value="41"/>
    <property name="sun.boot.library.path" value="C:\Program Files\Semeru\jdk-11.0.15.10-openj9\bin\default;C:\Program Files\Semeru\jdk-11.0.15.10-openj9\bin"/>
    <property name="sun.java.command" value="C:\Users\Gino\AppData\Local\Temp\surefire7380979449938422278\surefirebooter5623498535700835533.jar C:\Users\Gino\AppData\Local\Temp\surefire7380979449938422278 2022-08-30T17-48-13_665-jvmRun1 surefire11222593630325376790tmp surefire_012487750915960533592tmp"/>
    <property name="surefire.test.class.path" value="f:\Facultad\Proyecto de Desarrollo\Actividad N°1\servicio\target\test-classes;f:\Facultad\Proyecto de Desarrollo\Actividad N°1\servicio\target\classes;C:\Users\Gino\.m2\repository\junit\junit\4.11\junit-4.11.jar;C:\Users\Gino\.m2\repository\org\hamcrest\hamcrest-core\1.3\hamcrest-core-1.3.jar;C:\Users\Gino\.m2\repository\com\app\modelo\1.0-SNAPSHOT\modelo-1.0-SNAPSHOT.jar;"/>
    <property name="sun.cpu.endian" value="little"/>
    <property name="user.home" value="C:\Users\Gino"/>
    <property name="user.language" value="es"/>
    <property name="java.specification.vendor" value="Oracle Corporation"/>
    <property name="java.version.date" value="2022-04-19"/>
    <property name="java.home" value="C:\Program Files\Semeru\jdk-11.0.15.10-openj9"/>
    <property name="ibm.signalhandling.rs" value="false"/>
    <property name="jdk.extensions.name" value="Extensions for OpenJDK for Eclipse OpenJ9"/>
    <property name="file.separator" value="\"/>
    <property name="basedir" value="f:\Facultad\Proyecto de Desarrollo\Actividad N°1\servicio"/>
    <property name="line.separator" value="&#10;"/>
    <property name="java.specification.name" value="Java Platform API Specification"/>
    <property name="java.vm.specification.vendor" value="Oracle Corporation"/>
    <property name="java.compiler" value="j9jit29"/>
    <property name="com.ibm.util.extralibs.properties" value=""/>
    <property name="java.awt.graphicsenv" value="sun.awt.Win32GraphicsEnvironment"/>
    <property name="com.ibm.oti.configuration" value="scar"/>
    <property name="java.awt.fonts" value=""/>
    <property name="surefire.real.class.path" value="C:\Users\Gino\AppData\Local\Temp\surefire7380979449938422278\surefirebooter5623498535700835533.jar"/>
    <property name="com.ibm.oti.shared.enabled" value="false"/>
    <property name="com.ibm.oti.vm.bootstrap.library.path" value="C:\Program Files\Semeru\jdk-11.0.15.10-openj9\bin\default;C:\Program Files\Semeru\jdk-11.0.15.10-openj9\bin"/>
    <property name="com.ibm.cpu.endian" value="little"/>
    <property name="java.fullversion" value="11.0.15+10&#10;JRE 11 Windows 10 amd64-64-Bit Compressed References 20220422_352 (JIT enabled, AOT enabled)&#10;OpenJ9   - 9a84ec34e&#10;OMR      - ab24b6666&#10;JCL      - b7b5b42ea6 based on jdk-11.0.15+10"/>
    <property name="java.runtime.version" value="11.0.15+10"/>
    <property name="user.name" value="Gino"/>
    <property name="path.separator" value=";"/>
    <property name="os.version" value="10.0"/>
    <property name="java.runtime.name" value="IBM Semeru Runtime Open Edition"/>
    <property name="ibm.signalhandling.sigint" value="true"/>
    <property name="file.encoding" value="Cp1252"/>
    <property name="java.vm.name" value="Eclipse OpenJ9 VM"/>
    <property name="java.vendor.version" value="11.0.15.0"/>
    <property name="ibm.signalhandling.sigchain" value="true"/>
    <property name="localRepository" value="C:\Users\Gino\.m2\repository"/>
    <property name="java.vendor.url.bug" value="https://github.com/ibmruntimes/Semeru-Runtimes/issues"/>
    <property name="java.io.tmpdir" value="C:\Users\Gino\AppData\Local\Temp\"/>
    <property name="java.version" value="11.0.15"/>
    <property name="com.ibm.system.agent.path" value="C:\Program Files\Semeru\jdk-11.0.15.10-openj9\bin"/>
    <property name="user.dir" value="f:\Facultad\Proyecto de Desarrollo\Actividad N°1\servicio"/>
    <property name="os.arch" value="amd64"/>
    <property name="java.vm.specification.name" value="Java Virtual Machine Specification"/>
    <property name="java.awt.printerjob" value="sun.awt.windows.WPrinterJob"/>
    <property name="os.encoding" value="UTF-8"/>
    <property name="java.library.path" value="C:\Program Files\Semeru\jdk-11.0.15.10-openj9\bin\default;C:\Program Files\Semeru\jdk-11.0.15.10-openj9\bin;C:\Windows\system32;C:\Windows;C:\Program Files\Semeru\jre-11.0.15.10-openj9\bin;C:\Program Files (x86)\Common Files\Oracle\Java\javapath;C:\Windows\system32;C:\Windows;C:\Windows\System32\Wbem;C:\Windows\System32\WindowsPowerShell\v1.0\;C:\Program Files\Semeru\jdk-11.0.15.10-openj9\bin;C:\Program Files\Visual Studio Code\bin;C:\Program Files\Git\cmd;C:\Gradle\gradle-7.4.2\bin;C:\Maven\maven-3.8.5\bin;C:\Program Files\Cloudflare\Cloudflare WARP\;C:\Program Files\PostgreSQL\14\bin;C:\Program Files\nodejs\;C:\Users\Gino\AppData\Local\Programs\Hyper\resources\bin;C:\Program Files\Heroku\bin;C:\Users\Gino\AppData\Roaming\npm;."/>
    <property name="java.vm.info" value="JRE 11 Windows 10 amd64-64-Bit Compressed References 20220422_352 (JIT enabled, AOT enabled)&#10;OpenJ9   - 9a84ec34e&#10;OMR      - ab24b6666&#10;JCL      - b7b5b42ea6 based on jdk-11.0.15+10"/>
    <property name="java.vendor" value="IBM Corporation"/>
    <property name="java.vm.version" value="openj9-0.32.0"/>
    <property name="ibm.system.encoding" value="Cp1252"/>
    <property name="com.ibm.jcl.checkClassPath" value=""/>
    <property name="sun.io.unicode.encoding" value="UnicodeLittle"/>
    <property name="java.class.version" value="55.0"/>
  </properties>
  <testcase name="shouldAnswerWithTrue" classname="com.app.AppTest" time="0.004"/>
</testsuite>